{"numTotalTestSuites":4,"numPassedTestSuites":4,"numFailedTestSuites":0,"numPendingTestSuites":0,"numTotalTests":7,"numPassedTests":7,"numFailedTests":0,"numPendingTests":0,"numTodoTests":0,"snapshot":{"added":0,"failure":false,"filesAdded":0,"filesRemoved":0,"filesRemovedList":[],"filesUnmatched":0,"filesUpdated":0,"matched":0,"total":0,"unchecked":0,"uncheckedKeysByFile":[],"unmatched":0,"updated":0,"didUpdate":false},"startTime":1778856373662,"success":true,"testResults":[{"assertionResults":[{"ancestorTitles":["player config"],"fullName":"player config defaults to cursor-player with blank password on test world","status":"passed","title":"defaults to cursor-player with blank password on test world","duration":2.3138000000000147,"failureMessages":[],"meta":{}},{"ancestorTitles":["player config"],"fullName":"player config injects session credentials into scripts","status":"passed","title":"injects session credentials into scripts","duration":0.8740999999999985,"failureMessages":[],"meta":{}},{"ancestorTitles":["player config"],"fullName":"player config documents FOUNDRY_PLAYER_DEFAULTS user","status":"passed","title":"documents FOUNDRY_PLAYER_DEFAULTS user","duration":0.2858999999999696,"failureMessages":[],"meta":{}}],"startTime":1778856373995,"endTime":1778856373998.286,"status":"passed","message":"","name":"C:/Users/kirkl/AppData/Local/FoundryVTT/Data/systems/rogue-trader-2nd/tests/unit/player-config.test.mjs"},{"assertionResults":[{"ancestorTitles":["player action parser"],"fullName":"player action parser parses smoke.rt2e without errors","status":"passed","title":"parses smoke.rt2e without errors","duration":4.75509999999997,"failureMessages":[],"meta":{}},{"ancestorTitles":["player action parser"],"fullName":"player action parser parses LOGIN with optional password","status":"passed","title":"parses LOGIN with optional password","duration":0.8482999999999947,"failureMessages":[],"meta":{}},{"ancestorTitles":["player action parser"],"fullName":"player action parser parses quoted names and numeric values","status":"passed","title":"parses quoted names and numeric values","duration":0.30340000000001055,"failureMessages":[],"meta":{}},{"ancestorTitles":["player action parser"],"fullName":"player action parser reports unknown verbs","status":"passed","title":"reports unknown verbs","duration":0.1412000000000262,"failureMessages":[],"meta":{}}],"startTime":1778856374009,"endTime":1778856374015.3035,"status":"passed","message":"","name":"C:/Users/kirkl/AppData/Local/FoundryVTT/Data/systems/rogue-trader-2nd/tests/unit/player-parser.test.mjs"}]}